#! /usr/bin/vvp
:ivl_version "11.0 (stable)";
:ivl_delay_selection "TYPICAL";
:vpi_time_precision - 12;
:vpi_module "/usr/lib/x86_64-linux-gnu/ivl/system.vpi";
:vpi_module "/usr/lib/x86_64-linux-gnu/ivl/vhdl_sys.vpi";
:vpi_module "/usr/lib/x86_64-linux-gnu/ivl/vhdl_textio.vpi";
:vpi_module "/usr/lib/x86_64-linux-gnu/ivl/v2005_math.vpi";
:vpi_module "/usr/lib/x86_64-linux-gnu/ivl/va_math.vpi";
S_0x64e93549fcf0 .scope module, "ADC128S102_Driver_tb" "ADC128S102_Driver_tb" 2 3;
 .timescale -9 -12;
v0x64e935517330_0 .var "Addr", 2 0;
v0x64e935517410_0 .var "Conv_go", 0 0;
v0x64e9355174b0_0 .var "clk", 0 0;
v0x64e935517580_0 .net "conv_done", 0 0, v0x64e9354ca510_0;  1 drivers
v0x64e935517650_0 .net "cs_n", 0 0, v0x64e9354c4c70_0;  1 drivers
v0x64e9355176f0_0 .net "data", 11 0, v0x64e9354c48c0_0;  1 drivers
v0x64e9355177c0_0 .net "din", 0 0, v0x64e935516b30_0;  1 drivers
v0x64e935517890_0 .var "dout", 0 0;
v0x64e935517960_0 .var "rst_n", 0 0;
v0x64e935517a30_0 .net "sclk", 0 0, v0x64e9355170d0_0;  1 drivers
E_0x64e9354e2a00 .event negedge, v0x64e9355170d0_0;
E_0x64e9354e02e0 .event edge, v0x64e9354c4c70_0;
S_0x64e93549fe80 .scope module, "u_ADC128S102_Driver" "ADC128S102_Driver" 2 71, 3 2 0, S_0x64e93549fcf0;
 .timescale -9 -12;
    .port_info 0 /INPUT 1 "clk";
    .port_info 1 /INPUT 1 "rst_n";
    .port_info 2 /INPUT 3 "Addr";
    .port_info 3 /INPUT 1 "Conv_go";
    .port_info 4 /INPUT 1 "dout";
    .port_info 5 /OUTPUT 12 "data";
    .port_info 6 /OUTPUT 1 "conv_done";
    .port_info 7 /OUTPUT 1 "cs_n";
    .port_info 8 /OUTPUT 1 "sclk";
    .port_info 9 /OUTPUT 1 "din";
P_0x64e9354f2b70 .param/l "CLOCK_FREQ" 0 3 16, +C4<00000010111110101111000010000000>;
P_0x64e9354f2bb0 .param/l "MCNT_DIV" 0 3 18, +C4<00000000000000000000000000000000000000000000000000000000000000001>;
P_0x64e9354f2bf0 .param/l "SRCLK_FREQ" 0 3 17, +C4<00000000101111101011110000100000>;
v0x64e9354c92a0_0 .net "Addr", 2 0, v0x64e935517330_0;  1 drivers
v0x64e9354c9ea0_0 .net "Conv_go", 0 0, v0x64e935517410_0;  1 drivers
v0x64e9354c9f40_0 .net "clk", 0 0, v0x64e9355174b0_0;  1 drivers
v0x64e9354ca510_0 .var "conv_done", 0 0;
v0x64e9354ca5e0_0 .var "count", 5 0;
v0x64e9354c4c70_0 .var "cs_n", 0 0;
v0x64e9354c48c0_0 .var "data", 11 0;
v0x64e935516b30_0 .var "din", 0 0;
v0x64e935516bf0_0 .var "div_cnt", 29 0;
v0x64e935516cd0_0 .net "dout", 0 0, v0x64e935517890_0;  1 drivers
v0x64e935516d90_0 .var "en", 0 0;
v0x64e935516e50_0 .var "r_Addr", 2 0;
v0x64e935516f30_0 .var "r_data", 11 0;
v0x64e935517010_0 .net "rst_n", 0 0, v0x64e935517960_0;  1 drivers
v0x64e9355170d0_0 .var "sclk", 0 0;
E_0x64e9354e1850/0 .event negedge, v0x64e935517010_0;
E_0x64e9354e1850/1 .event posedge, v0x64e9354c9f40_0;
E_0x64e9354e1850 .event/or E_0x64e9354e1850/0, E_0x64e9354e1850/1;
    .scope S_0x64e93549fe80;
T_0 ;
    %wait E_0x64e9354e1850;
    %load/vec4 v0x64e935517010_0;
    %inv;
    %flag_set/vec4 8;
    %jmp/0xz  T_0.0, 8;
    %pushi/vec4 0, 0, 30;
    %assign/vec4 v0x64e935516bf0_0, 0;
    %jmp T_0.1;
T_0.0 ;
    %load/vec4 v0x64e935516bf0_0;
    %pad/u 65;
    %cmpi/e 1, 0, 65;
    %jmp/0xz  T_0.2, 4;
    %pushi/vec4 0, 0, 30;
    %assign/vec4 v0x64e935516bf0_0, 0;
    %jmp T_0.3;
T_0.2 ;
    %load/vec4 v0x64e935516bf0_0;
    %addi 1, 0, 30;
    %assign/vec4 v0x64e935516bf0_0, 0;
T_0.3 ;
T_0.1 ;
    %jmp T_0;
    .thread T_0;
    .scope S_0x64e93549fe80;
T_1 ;
    %wait E_0x64e9354e1850;
    %load/vec4 v0x64e935517010_0;
    %inv;
    %flag_set/vec4 8;
    %jmp/0xz  T_1.0, 8;
    %pushi/vec4 0, 0, 6;
    %assign/vec4 v0x64e9354ca5e0_0, 0;
    %jmp T_1.1;
T_1.0 ;
    %load/vec4 v0x64e935516bf0_0;
    %pad/u 65;
    %pushi/vec4 1, 0, 65;
    %cmp/e;
    %flag_get/vec4 4;
    %load/vec4 v0x64e935516d90_0;
    %and;
    %flag_set/vec4 8;
    %jmp/0xz  T_1.2, 8;
    %load/vec4 v0x64e9354ca5e0_0;
    %cmpi/e 34, 0, 6;
    %jmp/0xz  T_1.4, 4;
    %pushi/vec4 0, 0, 6;
    %assign/vec4 v0x64e9354ca5e0_0, 0;
    %jmp T_1.5;
T_1.4 ;
    %load/vec4 v0x64e9354ca5e0_0;
    %addi 1, 0, 6;
    %assign/vec4 v0x64e9354ca5e0_0, 0;
T_1.5 ;
T_1.2 ;
T_1.1 ;
    %jmp T_1;
    .thread T_1;
    .scope S_0x64e93549fe80;
T_2 ;
    %wait E_0x64e9354e1850;
    %load/vec4 v0x64e935517010_0;
    %inv;
    %flag_set/vec4 8;
    %jmp/0xz  T_2.0, 8;
    %pushi/vec4 0, 0, 1;
    %assign/vec4 v0x64e935516d90_0, 0;
    %jmp T_2.1;
T_2.0 ;
    %load/vec4 v0x64e9354c9ea0_0;
    %flag_set/vec4 8;
    %jmp/0xz  T_2.2, 8;
    %pushi/vec4 1, 0, 1;
    %assign/vec4 v0x64e935516d90_0, 0;
    %jmp T_2.3;
T_2.2 ;
    %load/vec4 v0x64e9354ca5e0_0;
    %pad/u 32;
    %pushi/vec4 34, 0, 32;
    %cmp/e;
    %flag_get/vec4 4;
    %load/vec4 v0x64e935516bf0_0;
    %pad/u 65;
    %pushi/vec4 1, 0, 65;
    %cmp/e;
    %flag_get/vec4 4;
    %and;
    %flag_set/vec4 8;
    %jmp/0xz  T_2.4, 8;
    %pushi/vec4 0, 0, 1;
    %assign/vec4 v0x64e935516d90_0, 0;
    %jmp T_2.5;
T_2.4 ;
    %load/vec4 v0x64e935516d90_0;
    %assign/vec4 v0x64e935516d90_0, 0;
T_2.5 ;
T_2.3 ;
T_2.1 ;
    %jmp T_2;
    .thread T_2;
    .scope S_0x64e93549fe80;
T_3 ;
    %wait E_0x64e9354e1850;
    %load/vec4 v0x64e935517010_0;
    %inv;
    %flag_set/vec4 8;
    %jmp/0xz  T_3.0, 8;
    %pushi/vec4 0, 0, 3;
    %assign/vec4 v0x64e935516e50_0, 0;
    %jmp T_3.1;
T_3.0 ;
    %load/vec4 v0x64e9354c92a0_0;
    %assign/vec4 v0x64e935516e50_0, 0;
T_3.1 ;
    %jmp T_3;
    .thread T_3;
    .scope S_0x64e93549fe80;
T_4 ;
    %wait E_0x64e9354e1850;
    %load/vec4 v0x64e935517010_0;
    %inv;
    %flag_set/vec4 8;
    %jmp/0xz  T_4.0, 8;
    %pushi/vec4 0, 0, 1;
    %assign/vec4 v0x64e9355170d0_0, 0;
    %pushi/vec4 0, 0, 1;
    %assign/vec4 v0x64e9354ca510_0, 0;
    %pushi/vec4 0, 0, 1;
    %assign/vec4 v0x64e935516b30_0, 0;
    %pushi/vec4 0, 0, 12;
    %assign/vec4 v0x64e9354c48c0_0, 0;
    %jmp T_4.1;
T_4.0 ;
    %load/vec4 v0x64e935516bf0_0;
    %pad/u 65;
    %cmpi/e 1, 0, 65;
    %jmp/0xz  T_4.2, 4;
    %load/vec4 v0x64e9354ca5e0_0;
    %dup/vec4;
    %pushi/vec4 0, 0, 6;
    %cmp/u;
    %jmp/1 T_4.4, 6;
    %dup/vec4;
    %pushi/vec4 1, 0, 6;
    %cmp/u;
    %jmp/1 T_4.5, 6;
    %dup/vec4;
    %pushi/vec4 2, 0, 6;
    %cmp/u;
    %jmp/1 T_4.6, 6;
    %dup/vec4;
    %pushi/vec4 3, 0, 6;
    %cmp/u;
    %jmp/1 T_4.7, 6;
    %dup/vec4;
    %pushi/vec4 4, 0, 6;
    %cmp/u;
    %jmp/1 T_4.8, 6;
    %dup/vec4;
    %pushi/vec4 5, 0, 6;
    %cmp/u;
    %jmp/1 T_4.9, 6;
    %dup/vec4;
    %pushi/vec4 6, 0, 6;
    %cmp/u;
    %jmp/1 T_4.10, 6;
    %dup/vec4;
    %pushi/vec4 7, 0, 6;
    %cmp/u;
    %jmp/1 T_4.11, 6;
    %dup/vec4;
    %pushi/vec4 8, 0, 6;
    %cmp/u;
    %jmp/1 T_4.12, 6;
    %dup/vec4;
    %pushi/vec4 9, 0, 6;
    %cmp/u;
    %jmp/1 T_4.13, 6;
    %dup/vec4;
    %pushi/vec4 10, 0, 6;
    %cmp/u;
    %jmp/1 T_4.14, 6;
    %dup/vec4;
    %pushi/vec4 11, 0, 6;
    %cmp/u;
    %jmp/1 T_4.15, 6;
    %dup/vec4;
    %pushi/vec4 12, 0, 6;
    %cmp/u;
    %jmp/1 T_4.16, 6;
    %dup/vec4;
    %pushi/vec4 13, 0, 6;
    %cmp/u;
    %jmp/1 T_4.17, 6;
    %dup/vec4;
    %pushi/vec4 14, 0, 6;
    %cmp/u;
    %jmp/1 T_4.18, 6;
    %dup/vec4;
    %pushi/vec4 15, 0, 6;
    %cmp/u;
    %jmp/1 T_4.19, 6;
    %dup/vec4;
    %pushi/vec4 16, 0, 6;
    %cmp/u;
    %jmp/1 T_4.20, 6;
    %dup/vec4;
    %pushi/vec4 17, 0, 6;
    %cmp/u;
    %jmp/1 T_4.21, 6;
    %dup/vec4;
    %pushi/vec4 18, 0, 6;
    %cmp/u;
    %jmp/1 T_4.22, 6;
    %dup/vec4;
    %pushi/vec4 19, 0, 6;
    %cmp/u;
    %jmp/1 T_4.23, 6;
    %dup/vec4;
    %pushi/vec4 20, 0, 6;
    %cmp/u;
    %jmp/1 T_4.24, 6;
    %dup/vec4;
    %pushi/vec4 21, 0, 6;
    %cmp/u;
    %jmp/1 T_4.25, 6;
    %dup/vec4;
    %pushi/vec4 22, 0, 6;
    %cmp/u;
    %jmp/1 T_4.26, 6;
    %dup/vec4;
    %pushi/vec4 23, 0, 6;
    %cmp/u;
    %jmp/1 T_4.27, 6;
    %dup/vec4;
    %pushi/vec4 24, 0, 6;
    %cmp/u;
    %jmp/1 T_4.28, 6;
    %dup/vec4;
    %pushi/vec4 25, 0, 6;
    %cmp/u;
    %jmp/1 T_4.29, 6;
    %dup/vec4;
    %pushi/vec4 26, 0, 6;
    %cmp/u;
    %jmp/1 T_4.30, 6;
    %dup/vec4;
    %pushi/vec4 27, 0, 6;
    %cmp/u;
    %jmp/1 T_4.31, 6;
    %dup/vec4;
    %pushi/vec4 28, 0, 6;
    %cmp/u;
    %jmp/1 T_4.32, 6;
    %dup/vec4;
    %pushi/vec4 29, 0, 6;
    %cmp/u;
    %jmp/1 T_4.33, 6;
    %dup/vec4;
    %pushi/vec4 30, 0, 6;
    %cmp/u;
    %jmp/1 T_4.34, 6;
    %dup/vec4;
    %pushi/vec4 31, 0, 6;
    %cmp/u;
    %jmp/1 T_4.35, 6;
    %dup/vec4;
    %pushi/vec4 32, 0, 6;
    %cmp/u;
    %jmp/1 T_4.36, 6;
    %dup/vec4;
    %pushi/vec4 33, 0, 6;
    %cmp/u;
    %jmp/1 T_4.37, 6;
    %dup/vec4;
    %pushi/vec4 34, 0, 6;
    %cmp/u;
    %jmp/1 T_4.38, 6;
    %pushi/vec4 1, 0, 1;
    %assign/vec4 v0x64e9355170d0_0, 0;
    %jmp T_4.40;
T_4.4 ;
    %pushi/vec4 1, 0, 1;
    %assign/vec4 v0x64e9355170d0_0, 0;
    %pushi/vec4 1, 0, 1;
    %assign/vec4 v0x64e9354c4c70_0, 0;
    %jmp T_4.40;
T_4.5 ;
    %pushi/vec4 0, 0, 1;
    %assign/vec4 v0x64e9354c4c70_0, 0;
    %jmp T_4.40;
T_4.6 ;
    %pushi/vec4 0, 0, 1;
    %assign/vec4 v0x64e9355170d0_0, 0;
    %jmp T_4.40;
T_4.7 ;
    %pushi/vec4 1, 0, 1;
    %assign/vec4 v0x64e9355170d0_0, 0;
    %jmp T_4.40;
T_4.8 ;
    %pushi/vec4 0, 0, 1;
    %assign/vec4 v0x64e9355170d0_0, 0;
    %jmp T_4.40;
T_4.9 ;
    %pushi/vec4 1, 0, 1;
    %assign/vec4 v0x64e9355170d0_0, 0;
    %jmp T_4.40;
T_4.10 ;
    %pushi/vec4 0, 0, 1;
    %assign/vec4 v0x64e9355170d0_0, 0;
    %load/vec4 v0x64e935516e50_0;
    %parti/s 1, 2, 3;
    %assign/vec4 v0x64e935516b30_0, 0;
    %jmp T_4.40;
T_4.11 ;
    %pushi/vec4 1, 0, 1;
    %assign/vec4 v0x64e9355170d0_0, 0;
    %jmp T_4.40;
T_4.12 ;
    %pushi/vec4 0, 0, 1;
    %assign/vec4 v0x64e9355170d0_0, 0;
    %load/vec4 v0x64e935516e50_0;
    %parti/s 1, 1, 2;
    %assign/vec4 v0x64e935516b30_0, 0;
    %jmp T_4.40;
T_4.13 ;
    %pushi/vec4 1, 0, 1;
    %assign/vec4 v0x64e9355170d0_0, 0;
    %jmp T_4.40;
T_4.14 ;
    %pushi/vec4 0, 0, 1;
    %assign/vec4 v0x64e9355170d0_0, 0;
    %load/vec4 v0x64e935516e50_0;
    %parti/s 1, 0, 2;
    %assign/vec4 v0x64e935516b30_0, 0;
    %jmp T_4.40;
T_4.15 ;
    %pushi/vec4 1, 0, 1;
    %assign/vec4 v0x64e9355170d0_0, 0;
    %load/vec4 v0x64e935516cd0_0;
    %ix/load 4, 11, 0;
    %ix/load 5, 0, 0;
    %flag_set/imm 4, 0;
    %assign/vec4/off/d v0x64e935516f30_0, 4, 5;
    %jmp T_4.40;
T_4.16 ;
    %pushi/vec4 0, 0, 1;
    %assign/vec4 v0x64e9355170d0_0, 0;
    %jmp T_4.40;
T_4.17 ;
    %pushi/vec4 1, 0, 1;
    %assign/vec4 v0x64e9355170d0_0, 0;
    %load/vec4 v0x64e935516cd0_0;
    %ix/load 4, 10, 0;
    %ix/load 5, 0, 0;
    %flag_set/imm 4, 0;
    %assign/vec4/off/d v0x64e935516f30_0, 4, 5;
    %jmp T_4.40;
T_4.18 ;
    %pushi/vec4 0, 0, 1;
    %assign/vec4 v0x64e9355170d0_0, 0;
    %jmp T_4.40;
T_4.19 ;
    %pushi/vec4 1, 0, 1;
    %assign/vec4 v0x64e9355170d0_0, 0;
    %load/vec4 v0x64e935516cd0_0;
    %ix/load 4, 9, 0;
    %ix/load 5, 0, 0;
    %flag_set/imm 4, 0;
    %assign/vec4/off/d v0x64e935516f30_0, 4, 5;
    %jmp T_4.40;
T_4.20 ;
    %pushi/vec4 0, 0, 1;
    %assign/vec4 v0x64e9355170d0_0, 0;
    %jmp T_4.40;
T_4.21 ;
    %pushi/vec4 1, 0, 1;
    %assign/vec4 v0x64e9355170d0_0, 0;
    %load/vec4 v0x64e935516cd0_0;
    %ix/load 4, 8, 0;
    %ix/load 5, 0, 0;
    %flag_set/imm 4, 0;
    %assign/vec4/off/d v0x64e935516f30_0, 4, 5;
    %jmp T_4.40;
T_4.22 ;
    %pushi/vec4 0, 0, 1;
    %assign/vec4 v0x64e9355170d0_0, 0;
    %jmp T_4.40;
T_4.23 ;
    %pushi/vec4 1, 0, 1;
    %assign/vec4 v0x64e9355170d0_0, 0;
    %load/vec4 v0x64e935516cd0_0;
    %ix/load 4, 7, 0;
    %ix/load 5, 0, 0;
    %flag_set/imm 4, 0;
    %assign/vec4/off/d v0x64e935516f30_0, 4, 5;
    %jmp T_4.40;
T_4.24 ;
    %pushi/vec4 0, 0, 1;
    %assign/vec4 v0x64e9355170d0_0, 0;
    %jmp T_4.40;
T_4.25 ;
    %pushi/vec4 1, 0, 1;
    %assign/vec4 v0x64e9355170d0_0, 0;
    %load/vec4 v0x64e935516cd0_0;
    %ix/load 4, 6, 0;
    %ix/load 5, 0, 0;
    %flag_set/imm 4, 0;
    %assign/vec4/off/d v0x64e935516f30_0, 4, 5;
    %jmp T_4.40;
T_4.26 ;
    %pushi/vec4 0, 0, 1;
    %assign/vec4 v0x64e9355170d0_0, 0;
    %jmp T_4.40;
T_4.27 ;
    %pushi/vec4 1, 0, 1;
    %assign/vec4 v0x64e9355170d0_0, 0;
    %load/vec4 v0x64e935516cd0_0;
    %ix/load 4, 5, 0;
    %ix/load 5, 0, 0;
    %flag_set/imm 4, 0;
    %assign/vec4/off/d v0x64e935516f30_0, 4, 5;
    %jmp T_4.40;
T_4.28 ;
    %pushi/vec4 0, 0, 1;
    %assign/vec4 v0x64e9355170d0_0, 0;
    %jmp T_4.40;
T_4.29 ;
    %pushi/vec4 1, 0, 1;
    %assign/vec4 v0x64e9355170d0_0, 0;
    %load/vec4 v0x64e935516cd0_0;
    %ix/load 4, 4, 0;
    %ix/load 5, 0, 0;
    %flag_set/imm 4, 0;
    %assign/vec4/off/d v0x64e935516f30_0, 4, 5;
    %jmp T_4.40;
T_4.30 ;
    %pushi/vec4 0, 0, 1;
    %assign/vec4 v0x64e9355170d0_0, 0;
    %jmp T_4.40;
T_4.31 ;
    %pushi/vec4 1, 0, 1;
    %assign/vec4 v0x64e9355170d0_0, 0;
    %load/vec4 v0x64e935516cd0_0;
    %ix/load 4, 3, 0;
    %ix/load 5, 0, 0;
    %flag_set/imm 4, 0;
    %assign/vec4/off/d v0x64e935516f30_0, 4, 5;
    %jmp T_4.40;
T_4.32 ;
    %pushi/vec4 0, 0, 1;
    %assign/vec4 v0x64e9355170d0_0, 0;
    %jmp T_4.40;
T_4.33 ;
    %pushi/vec4 1, 0, 1;
    %assign/vec4 v0x64e9355170d0_0, 0;
    %load/vec4 v0x64e935516cd0_0;
    %ix/load 4, 2, 0;
    %ix/load 5, 0, 0;
    %flag_set/imm 4, 0;
    %assign/vec4/off/d v0x64e935516f30_0, 4, 5;
    %jmp T_4.40;
T_4.34 ;
    %pushi/vec4 0, 0, 1;
    %assign/vec4 v0x64e9355170d0_0, 0;
    %jmp T_4.40;
T_4.35 ;
    %pushi/vec4 1, 0, 1;
    %assign/vec4 v0x64e9355170d0_0, 0;
    %load/vec4 v0x64e935516cd0_0;
    %ix/load 4, 1, 0;
    %ix/load 5, 0, 0;
    %flag_set/imm 4, 0;
    %assign/vec4/off/d v0x64e935516f30_0, 4, 5;
    %jmp T_4.40;
T_4.36 ;
    %pushi/vec4 0, 0, 1;
    %assign/vec4 v0x64e9355170d0_0, 0;
    %jmp T_4.40;
T_4.37 ;
    %pushi/vec4 1, 0, 1;
    %assign/vec4 v0x64e9355170d0_0, 0;
    %load/vec4 v0x64e935516cd0_0;
    %ix/load 4, 0, 0;
    %ix/load 5, 0, 0;
    %flag_set/imm 4, 0;
    %assign/vec4/off/d v0x64e935516f30_0, 4, 5;
    %jmp T_4.40;
T_4.38 ;
    %pushi/vec4 1, 0, 1;
    %assign/vec4 v0x64e9354c4c70_0, 0;
    %jmp T_4.40;
T_4.40 ;
    %pop/vec4 1;
T_4.2 ;
T_4.1 ;
    %jmp T_4;
    .thread T_4;
    .scope S_0x64e93549fe80;
T_5 ;
    %wait E_0x64e9354e1850;
    %load/vec4 v0x64e935517010_0;
    %inv;
    %flag_set/vec4 8;
    %jmp/0xz  T_5.0, 8;
    %pushi/vec4 0, 0, 12;
    %assign/vec4 v0x64e9354c48c0_0, 0;
    %pushi/vec4 0, 0, 1;
    %assign/vec4 v0x64e9354ca510_0, 0;
    %jmp T_5.1;
T_5.0 ;
    %load/vec4 v0x64e9354ca5e0_0;
    %pad/u 32;
    %pushi/vec4 34, 0, 32;
    %cmp/e;
    %flag_get/vec4 4;
    %load/vec4 v0x64e935516bf0_0;
    %pad/u 65;
    %pushi/vec4 1, 0, 65;
    %cmp/e;
    %flag_get/vec4 4;
    %and;
    %flag_set/vec4 8;
    %jmp/0xz  T_5.2, 8;
    %load/vec4 v0x64e935516f30_0;
    %assign/vec4 v0x64e9354c48c0_0, 0;
    %pushi/vec4 1, 0, 1;
    %assign/vec4 v0x64e9354ca510_0, 0;
    %jmp T_5.3;
T_5.2 ;
    %pushi/vec4 0, 0, 12;
    %assign/vec4 v0x64e9354c48c0_0, 0;
    %pushi/vec4 0, 0, 1;
    %assign/vec4 v0x64e9354ca510_0, 0;
T_5.3 ;
T_5.1 ;
    %jmp T_5;
    .thread T_5;
    .scope S_0x64e93549fcf0;
T_6 ;
    %pushi/vec4 1, 0, 1;
    %store/vec4 v0x64e9355174b0_0, 0, 1;
    %end;
    .thread T_6;
    .scope S_0x64e93549fcf0;
T_7 ;
    %delay 10000, 0;
    %load/vec4 v0x64e9355174b0_0;
    %inv;
    %store/vec4 v0x64e9355174b0_0, 0, 1;
    %jmp T_7;
    .thread T_7;
    .scope S_0x64e93549fcf0;
T_8 ;
    %vpi_call 2 19 "$dumpfile", "wave.vcd" {0 0 0};
    %vpi_call 2 20 "$dumpvars", 32'sb00000000000000000000000000000000, S_0x64e93549fcf0 {0 0 0};
    %end;
    .thread T_8;
    .scope S_0x64e93549fcf0;
T_9 ;
    %pushi/vec4 0, 0, 1;
    %store/vec4 v0x64e935517960_0, 0, 1;
    %pushi/vec4 0, 0, 1;
    %store/vec4 v0x64e935517410_0, 0, 1;
    %pushi/vec4 0, 0, 3;
    %store/vec4 v0x64e935517330_0, 0, 3;
    %delay 101000, 0;
    %pushi/vec4 1, 0, 1;
    %store/vec4 v0x64e935517960_0, 0, 1;
    %delay 100000, 0;
    %pushi/vec4 1, 0, 1;
    %store/vec4 v0x64e935517410_0, 0, 1;
    %pushi/vec4 3, 0, 3;
    %store/vec4 v0x64e935517330_0, 0, 3;
    %delay 20000, 0;
    %pushi/vec4 0, 0, 1;
    %store/vec4 v0x64e935517410_0, 0, 1;
T_9.0 ;
    %load/vec4 v0x64e935517650_0;
    %nor/r;
    %cmpi/ne 1, 0, 1;
    %jmp/0xz T_9.1, 6;
    %wait E_0x64e9354e02e0;
    %jmp T_9.0;
T_9.1 ;
    %wait E_0x64e9354e2a00;
    %pushi/vec4 0, 0, 1;
    %store/vec4 v0x64e935517890_0, 0, 1;
    %wait E_0x64e9354e2a00;
    %pushi/vec4 0, 0, 1;
    %store/vec4 v0x64e935517890_0, 0, 1;
    %wait E_0x64e9354e2a00;
    %pushi/vec4 0, 0, 1;
    %store/vec4 v0x64e935517890_0, 0, 1;
    %wait E_0x64e9354e2a00;
    %pushi/vec4 0, 0, 1;
    %store/vec4 v0x64e935517890_0, 0, 1;
    %wait E_0x64e9354e2a00;
    %pushi/vec4 1, 0, 1;
    %store/vec4 v0x64e935517890_0, 0, 1;
    %wait E_0x64e9354e2a00;
    %pushi/vec4 0, 0, 1;
    %store/vec4 v0x64e935517890_0, 0, 1;
    %wait E_0x64e9354e2a00;
    %pushi/vec4 1, 0, 1;
    %store/vec4 v0x64e935517890_0, 0, 1;
    %wait E_0x64e9354e2a00;
    %pushi/vec4 0, 0, 1;
    %store/vec4 v0x64e935517890_0, 0, 1;
    %wait E_0x64e9354e2a00;
    %pushi/vec4 1, 0, 1;
    %store/vec4 v0x64e935517890_0, 0, 1;
    %wait E_0x64e9354e2a00;
    %pushi/vec4 0, 0, 1;
    %store/vec4 v0x64e935517890_0, 0, 1;
    %wait E_0x64e9354e2a00;
    %pushi/vec4 1, 0, 1;
    %store/vec4 v0x64e935517890_0, 0, 1;
    %wait E_0x64e9354e2a00;
    %pushi/vec4 0, 0, 1;
    %store/vec4 v0x64e935517890_0, 0, 1;
    %wait E_0x64e9354e2a00;
    %pushi/vec4 1, 0, 1;
    %store/vec4 v0x64e935517890_0, 0, 1;
    %wait E_0x64e9354e2a00;
    %pushi/vec4 0, 0, 1;
    %store/vec4 v0x64e935517890_0, 0, 1;
    %wait E_0x64e9354e2a00;
    %pushi/vec4 1, 0, 1;
    %store/vec4 v0x64e935517890_0, 0, 1;
    %wait E_0x64e9354e2a00;
    %pushi/vec4 0, 0, 1;
    %store/vec4 v0x64e935517890_0, 0, 1;
    %delay 100000, 0;
    %vpi_call 2 68 "$finish" {0 0 0};
    %end;
    .thread T_9;
# The file index is used to find the file name in the following table.
:file_names 4;
    "N/A";
    "<interactive>";
    "src/ADC128S102_Driver_tb.v";
    "src/ADC128S102_Driver.v";
